<?xml version="1.0" encoding="UTF-8"?>
<testng-results skipped="0" failed="0" ignored="0" total="4" passed="4">
  <reporter-output>
    <line>
      <![CDATA[Testing complete for BlankEmail ID test case]]>
    </line>
    <line>
      <![CDATA[Testing complete for WrongPassword ID test case]]>
    </line>
    <line>
      <![CDATA[Testing complete for WrongEmailID ID test case]]>
    </line>
    <line>
      <![CDATA[Testing complete for BlankPassword ID test case]]>
    </line>
  </reporter-output>
  <suite name="Suite" duration-ms="53211" started-at="2019-05-20T12:24:56Z" finished-at="2019-05-20T12:25:49Z">
    <groups>
    </groups>
    <test name="Test" duration-ms="53211" started-at="2019-05-20T12:24:56Z" finished-at="2019-05-20T12:25:49Z">
      <class name="com.LinkedIn.TestScripts.WrongEmailID">
        <test-method status="PASS" signature="openBrowser()[pri:0, instance:com.LinkedIn.TestScripts.WrongEmailID@604ed9f0]" name="openBrowser" is-config="true" duration-ms="6556" started-at="2019-05-20T12:25:23Z" finished-at="2019-05-20T12:25:29Z">
          <reporter-output>
          </reporter-output>
        </test-method> <!-- openBrowser -->
        <test-method status="PASS" signature="wrongEmailIdTest()[pri:0, instance:com.LinkedIn.TestScripts.WrongEmailID@604ed9f0]" name="wrongEmailIdTest" duration-ms="5393" started-at="2019-05-20T12:25:29Z" finished-at="2019-05-20T12:25:35Z">
          <reporter-output>
            <line>
              <![CDATA[Testing complete for WrongEmailID ID test case]]>
            </line>
          </reporter-output>
        </test-method> <!-- wrongEmailIdTest -->
        <test-method status="PASS" signature="closeBrowser()[pri:0, instance:com.LinkedIn.TestScripts.WrongEmailID@604ed9f0]" name="closeBrowser" is-config="true" duration-ms="1144" started-at="2019-05-20T12:25:35Z" finished-at="2019-05-20T12:25:36Z">
          <reporter-output>
          </reporter-output>
        </test-method> <!-- closeBrowser -->
      </class> <!-- com.LinkedIn.TestScripts.WrongEmailID -->
      <class name="com.LinkedIn.TestScripts.BlankPassword">
        <test-method status="PASS" signature="openBrowser()[pri:0, instance:com.LinkedIn.TestScripts.BlankPassword@6a4f787b]" name="openBrowser" is-config="true" duration-ms="7090" started-at="2019-05-20T12:25:36Z" finished-at="2019-05-20T12:25:43Z">
          <reporter-output>
          </reporter-output>
        </test-method> <!-- openBrowser -->
        <test-method status="PASS" signature="TestForBlankPwd()[pri:0, instance:com.LinkedIn.TestScripts.BlankPassword@6a4f787b]" name="TestForBlankPwd" duration-ms="5417" started-at="2019-05-20T12:25:43Z" finished-at="2019-05-20T12:25:48Z">
          <reporter-output>
            <line>
              <![CDATA[Testing complete for BlankPassword ID test case]]>
            </line>
          </reporter-output>
        </test-method> <!-- TestForBlankPwd -->
        <test-method status="PASS" signature="closeBrowser()[pri:0, instance:com.LinkedIn.TestScripts.BlankPassword@6a4f787b]" name="closeBrowser" is-config="true" duration-ms="1049" started-at="2019-05-20T12:25:48Z" finished-at="2019-05-20T12:25:49Z">
          <reporter-output>
          </reporter-output>
        </test-method> <!-- closeBrowser -->
      </class> <!-- com.LinkedIn.TestScripts.BlankPassword -->
      <class name="com.LinkedIn.TestScripts.WrongPassword">
        <test-method status="PASS" signature="openBrowser()[pri:0, instance:com.LinkedIn.TestScripts.WrongPassword@91161c7]" name="openBrowser" is-config="true" duration-ms="6725" started-at="2019-05-20T12:25:09Z" finished-at="2019-05-20T12:25:16Z">
          <reporter-output>
          </reporter-output>
        </test-method> <!-- openBrowser -->
        <test-method status="PASS" signature="wrongPasswordTest()[pri:0, instance:com.LinkedIn.TestScripts.WrongPassword@91161c7]" name="wrongPasswordTest" duration-ms="5647" started-at="2019-05-20T12:25:16Z" finished-at="2019-05-20T12:25:22Z">
          <reporter-output>
            <line>
              <![CDATA[Testing complete for WrongPassword ID test case]]>
            </line>
          </reporter-output>
        </test-method> <!-- wrongPasswordTest -->
        <test-method status="PASS" signature="closeBrowser()[pri:0, instance:com.LinkedIn.TestScripts.WrongPassword@91161c7]" name="closeBrowser" is-config="true" duration-ms="897" started-at="2019-05-20T12:25:22Z" finished-at="2019-05-20T12:25:23Z">
          <reporter-output>
          </reporter-output>
        </test-method> <!-- closeBrowser -->
      </class> <!-- com.LinkedIn.TestScripts.WrongPassword -->
      <class name="com.LinkedIn.TestScripts.BlankEmailID">
        <test-method status="PASS" signature="openBrowser()[pri:0, instance:com.LinkedIn.TestScripts.BlankEmailID@5c3bd550]" name="openBrowser" is-config="true" duration-ms="8192" started-at="2019-05-20T12:24:56Z" finished-at="2019-05-20T12:25:04Z">
          <reporter-output>
          </reporter-output>
        </test-method> <!-- openBrowser -->
        <test-method status="PASS" signature="BlankEmailIDTest()[pri:0, instance:com.LinkedIn.TestScripts.BlankEmailID@5c3bd550]" name="BlankEmailIDTest" duration-ms="4227" started-at="2019-05-20T12:25:04Z" finished-at="2019-05-20T12:25:09Z">
          <reporter-output>
            <line>
              <![CDATA[Testing complete for BlankEmail ID test case]]>
            </line>
          </reporter-output>
        </test-method> <!-- BlankEmailIDTest -->
        <test-method status="PASS" signature="closeBrowser()[pri:0, instance:com.LinkedIn.TestScripts.BlankEmailID@5c3bd550]" name="closeBrowser" is-config="true" duration-ms="840" started-at="2019-05-20T12:25:09Z" finished-at="2019-05-20T12:25:09Z">
          <reporter-output>
          </reporter-output>
        </test-method> <!-- closeBrowser -->
      </class> <!-- com.LinkedIn.TestScripts.BlankEmailID -->
    </test> <!-- Test -->
  </suite> <!-- Suite -->
</testng-results>
