<?xml version="1.0" encoding="UTF-8"?>
<!-- Generated by org.testng.reporters.JUnitXMLReporter -->
<testsuite hostname="5CG425JL54" ignored="0" name="Regression" tests="4" failures="0" timestamp="16 May 2019 09:16:44 GMT" time="58.135" errors="0">
  <testcase name="BlankEmailIDTest" time="6.697" classname="com.LinkedIn.TestScripts.BlankEmailID"/>
  <testcase name="wrongPasswordTest" time="3.937" classname="com.LinkedIn.TestScripts.WrongPassword"/>
  <testcase name="wrongEmailIdTest" time="3.965" classname="com.LinkedIn.TestScripts.WrongEmailID"/>
  <testcase name="TestForBlankPwd" time="6.349" classname="com.LinkedIn.TestScripts.BlankPassword"/>
</testsuite> <!-- Regression -->
