<?xml version="1.0" encoding="UTF-8"?>
<!-- Generated by org.testng.reporters.JUnitXMLReporter -->
<testsuite hostname="5CG425JL54" ignored="0" name="Test" tests="4" failures="0" timestamp="20 May 2019 12:25:49 GMT" time="53.211" errors="0">
  <testcase name="BlankEmailIDTest" time="4.227" classname="com.LinkedIn.TestScripts.BlankEmailID"/>
  <testcase name="wrongPasswordTest" time="5.647" classname="com.LinkedIn.TestScripts.WrongPassword"/>
  <testcase name="wrongEmailIdTest" time="5.393" classname="com.LinkedIn.TestScripts.WrongEmailID"/>
  <testcase name="TestForBlankPwd" time="5.417" classname="com.LinkedIn.TestScripts.BlankPassword"/>
</testsuite> <!-- Test -->
